<?xml version="1.0" encoding="UTF-8"?>
<testsuite name="com.example.ble6_channelsounding.MeasurementDataTest" tests="5" skipped="0" failures="0" errors="0" timestamp="2026-09-19T06:20:41.540Z" hostname="김보성01연구실" time="0.156">
  <properties/>
  <testcase name="eventsAreConsumedOnceAndStayAssociated" classname="com.example.ble6_channelsounding.MeasurementDataTest" time="0.048"/>
  <testcase name="csvEscapesQuotesCommasAndNewlinesAndRejectsNonFiniteValues" classname="com.example.ble6_channelsounding.MeasurementDataTest" time="0.056"/>
  <testcase name="defaultRequestedIsEmptyAndAppliedIsIndependent" classname="com.example.ble6_channelsounding.MeasurementDataTest" time="0.026"/>
  <testcase name="existingDistancePacketRemainsCompatible" classname="com.example.ble6_channelsounding.MeasurementDataTest" time="0.002"/>
  <testcase name="missingValuesStayEmptyAndSchemaMatches" classname="com.example.ble6_channelsounding.MeasurementDataTest" time="0.005"/>
  <system-out><![CDATA[]]></system-out>
  <system-err><![CDATA[]]></system-err>
</testsuite>
